0 Issues: data_test/zxpress/magazines/CAFe_2003
0 Issues: data_test/zxpress/magazines/Enigma_Tape_Magazine
0 Issues: data_test/zxpress/magazines/Xa-XaFon
0 Issues: data_test/zxpress/magazines/Playboy
0 Issues: data_test/zxpress/magazines/Fantastic
0 Issues: data_test/zxpress/magazines/NemoFAQ
0 Issues: data_test/zxpress/magazines/Electra
0 Issues: data_test/zxpress/magazines/Funny_Night
0 Issues: data_test/zxpress/magazines/Cossackos
0 Issues: data_test/zxpress/magazines/ZX_Land
0 Issues: data_test/zxpress/magazines/Times
0 Issues: data_test/zxpress/magazines/ZX_Revija
0 Issues: data_test/zxpress/magazines/Spectrum_Magazine
0 Issues: data_test/zxpress/magazines/Orion
0 Issues: data_test/zxpress/magazines/Pointovka_Report
0 Issues: data_test/zxpress/magazines/Sinclair_News
0 Issues: data_test/zxpress/magazines/Fenzin
0 Issues: data_test/zxpress/magazines/Out_Side
0 Issues: data_test/zxpress/magazines/Woot
0 Issues: data_test/zxpress/magazines/X-Magazine
0 Issues: data_test/zxpress/magazines/Modern
0 Issues: data_test/zxpress/magazines/Opium
0 Issues: data_test/zxpress/magazines/Sinclair_Classic
0 Issues: data_test/zxpress/magazines/Setevoy_Sokol
0 Issues: data_test/zxpress/magazines/Scene
0 Issues: data_test/zxpress/magazines/Hooy_Mag
0 Issues: data_test/zxpress/magazines/Fantasy
0 Issues: data_test/zxpress/magazines/Batva
0 Issues: data_test/zxpress/magazines/BBSTOP
