⚠️  Platzhalter-Datum (0000-01-01): data_test/zxpress/magazines/ZX_Magazine/issues/07_0000-01-01
⚠️  Platzhalter-Datum (0000-01-01): data_test/zxpress/magazines/Marazm/issues/19_0000-01-01
⚠️  Platzhalter-Datum (0000-01-01): data_test/zxpress/magazines/Marazm/issues/05_0000-01-01
⚠️  Platzhalter-Datum (0000-01-01): data_test/zxpress/magazines/Marazm/issues/08_0000-01-01
⚠️  Platzhalter-Datum (0000-01-01): data_test/zxpress/magazines/Marazm/issues/07_0000-01-01
⚠️  Platzhalter-Datum (0000-01-01): data_test/zxpress/magazines/Marazm/issues/02_0000-01-01
⚠️  Platzhalter-Datum (0000-01-01): data_test/zxpress/magazines/Marazm/issues/10_0000-01-01
⚠️  Platzhalter-Datum (0000-01-01): data_test/zxpress/magazines/Marazm/issues/01_0000-01-01
⚠️  Platzhalter-Datum (0000-01-01): data_test/zxpress/magazines/Marazm/issues/04_0000-01-01
⚠️  Platzhalter-Datum (0000-01-01): data_test/zxpress/magazines/Marazm/issues/09_0000-01-01
⚠️  Platzhalter-Datum (0000-01-01): data_test/zxpress/magazines/Marazm/issues/03_0000-01-01
⚠️  Platzhalter-Datum (0000-01-01): data_test/zxpress/magazines/Marazm/issues/06_0000-01-01
⚠️  Platzhalter-Datum (0000-01-01): data_test/zxpress/magazines/Marazm/issues/20_0000-01-01
⚠️  Platzhalter-Datum (0000-01-01): data_test/zxpress/magazines/LntNews/issues/01_0000-01-01
⚠️  Platzhalter-Datum (0000-01-01): data_test/zxpress/magazines/White_Crow/issues/01_0000-01-01
⚠️  Platzhalter-Datum (0000-01-01): data_test/zxpress/magazines/47th_Byte/issues/01_0000-01-01
⚠️  Platzhalter-Datum (0000-01-01): data_test/zxpress/magazines/Wizard_News/issues/01_0000-01-01
⚠️  Platzhalter-Datum (0000-01-01): data_test/zxpress/magazines/WeekEnd/issues/05_0000-01-01
⚠️  Platzhalter-Datum (0000-01-01): data_test/zxpress/magazines/WeekEnd/issues/02_0000-01-01
⚠️  Platzhalter-Datum (0000-01-01): data_test/zxpress/magazines/WeekEnd/issues/01_0000-01-01
⚠️  Platzhalter-Datum (0000-01-01): data_test/zxpress/magazines/WeekEnd/issues/04_0000-01-01
⚠️  Platzhalter-Datum (0000-01-01): data_test/zxpress/magazines/WeekEnd/issues/03_0000-01-01
⚠️  Platzhalter-Datum (0000-01-01): data_test/zxpress/magazines/MSF/issues/26_0000-01-01
⚠️  Platzhalter-Datum (0000-01-01): data_test/zxpress/magazines/MSF/issues/29_0000-01-01
⚠️  Platzhalter-Datum (0000-01-01): data_test/zxpress/magazines/MSF/issues/27_0000-01-01
⚠️  Platzhalter-Datum (0000-01-01): data_test/zxpress/magazines/MSF/issues/25_0000-01-01
⚠️  Platzhalter-Datum (0000-01-01): data_test/zxpress/magazines/MSF/issues/28_0000-01-01
⚠️  Platzhalter-Datum (0000-01-01): data_test/zxpress/magazines/Overlog/issues/02_0000-01-01
⚠️  Platzhalter-Datum (0000-01-01): data_test/zxpress/magazines/Overlog/issues/01_0000-01-01
⚠️  Platzhalter-Datum (0000-01-01): data_test/zxpress/magazines/Innovision/issues/00_0000-01-01
⚠️  Platzhalter-Datum (0000-01-01): data_test/zxpress/magazines/Dune/issues/02_0000-01-01
⚠️  Platzhalter-Datum (0000-01-01): data_test/zxpress/magazines/Dune/issues/01_0000-01-01
⚠️  Platzhalter-Datum (0000-01-01): data_test/zxpress/magazines/Dune/issues/03_0000-01-01
⚠️  Platzhalter-Datum (0000-01-01): data_test/zxpress/magazines/Dune/issues/06_0000-01-01
⚠️  Platzhalter-Datum (0000-01-01): data_test/zxpress/magazines/Funny_Box/issues/05_0000-01-01
⚠️  Platzhalter-Datum (0000-01-01): data_test/zxpress/magazines/ZX_Humor/issues/03_0000-01-01
⚠️  Platzhalter-Datum (0000-01-01): data_test/zxpress/magazines/Bred/issues/07_0000-01-01
⚠️  Platzhalter-Datum (0000-01-01): data_test/zxpress/magazines/Bred/issues/02_0000-01-01
⚠️  Platzhalter-Datum (0000-01-01): data_test/zxpress/magazines/Bred/issues/01_0000-01-01
⚠️  Platzhalter-Datum (0000-01-01): data_test/zxpress/magazines/Dr__Longman_s_News/issues/00_0000-01-01
⚠️  Platzhalter-Datum (0000-01-01): data_test/zxpress/magazines/Dr__Longman_s_News/issues/02_0000-01-01
⚠️  Platzhalter-Datum (0000-01-01): data_test/zxpress/magazines/Dr__Longman_s_News/issues/01_0000-01-01
⚠️  Platzhalter-Datum (0000-01-01): data_test/zxpress/magazines/Dr__Longman_s_News/issues/03_0000-01-01
⚠️  Platzhalter-Datum (0000-01-01): data_test/zxpress/magazines/Fantadrom/issues/03_0000-01-01
⚠️  Platzhalter-Datum (0000-01-01): data_test/zxpress/magazines/Point/issues/01_0000-01-01
⚠️  Platzhalter-Datum (0000-01-01): data_test/zxpress/magazines/Spectrumania/issues/01_0000-01-01
⚠️  Platzhalter-Datum (0000-01-01): data_test/zxpress/magazines/20/issues/01_0000-01-01
⚠️  Platzhalter-Datum (0000-01-01): data_test/zxpress/magazines/Explorer/issues/04_0000-01-01
⚠️  Platzhalter-Datum (0000-01-01): data_test/zxpress/magazines/Explorer/issues/03_0000-01-01
⚠️  Platzhalter-Datum (0000-01-01): data_test/zxpress/magazines/Mirage/issues/00_0000-01-01
⚠️  Platzhalter-Datum (0000-01-01): data_test/zxpress/magazines/Murzilka/issues/08_0000-01-01
⚠️  Platzhalter-Datum (0000-01-01): data_test/zxpress/magazines/Murzilka/issues/07_0000-01-01
⚠️  Platzhalter-Datum (0000-01-01): data_test/zxpress/magazines/Murzilka/issues/09_0000-01-01
⚠️  Platzhalter-Datum (0000-01-01): data_test/zxpress/magazines/Murzilka/issues/03_0000-01-01
⚠️  Platzhalter-Datum (0000-01-01): data_test/zxpress/magazines/Dermo/issues/01_0000-01-01
⚠️  Platzhalter-Datum (0000-01-01): data_test/zxpress/magazines/Fuck/issues/01_0000-01-01
⚠️  Platzhalter-Datum (0000-01-01): data_test/zxpress/magazines/Heresy/issues/08_0000-01-01
⚠️  Platzhalter-Datum (0000-01-01): data_test/zxpress/magazines/Heresy/issues/Satanic_0000-01-01
⚠️  Platzhalter-Datum (0000-01-01): data_test/zxpress/magazines/Heresy/issues/07_0000-01-01
⚠️  Platzhalter-Datum (0000-01-01): data_test/zxpress/magazines/Heresy/issues/10_0000-01-01
⚠️  Platzhalter-Datum (0000-01-01): data_test/zxpress/magazines/Heresy/issues/09_0000-01-01
⚠️  Platzhalter-Datum (0000-01-01): data_test/zxpress/magazines/Heresy/issues/06_0000-01-01
⚠️  Platzhalter-Datum (0000-01-01): data_test/zxpress/magazines/ZX_Healthless/issues/00_0000-01-01
⚠️  Platzhalter-Datum (0000-01-01): data_test/zxpress/magazines/Cancer/issues/02_0000-01-01
⚠️  Platzhalter-Datum (0000-01-01): data_test/zxpress/magazines/Cancer/issues/01_0000-01-01
⚠️  Platzhalter-Datum (0000-01-01): data_test/zxpress/magazines/Plutonium/issues/05_0000-01-01
⚠️  Platzhalter-Datum (0000-01-01): data_test/zxpress/magazines/Plutonium/issues/11_0000-01-01
⚠️  Platzhalter-Datum (0000-01-01): data_test/zxpress/magazines/Plutonium/issues/07_0000-01-01
⚠️  Platzhalter-Datum (0000-01-01): data_test/zxpress/magazines/Plutonium/issues/16_0000-01-01
⚠️  Platzhalter-Datum (0000-01-01): data_test/zxpress/magazines/Plutonium/issues/13_0000-01-01
⚠️  Platzhalter-Datum (0000-01-01): data_test/zxpress/magazines/Plutonium/issues/10_0000-01-01
⚠️  Platzhalter-Datum (0000-01-01): data_test/zxpress/magazines/Plutonium/issues/01_0000-01-01
⚠️  Platzhalter-Datum (0000-01-01): data_test/zxpress/magazines/Plutonium/issues/04_0000-01-01
⚠️  Platzhalter-Datum (0000-01-01): data_test/zxpress/magazines/Plutonium/issues/12_0000-01-01
⚠️  Platzhalter-Datum (0000-01-01): data_test/zxpress/magazines/Plutonium/issues/10.5_0000-01-01
⚠️  Platzhalter-Datum (0000-01-01): data_test/zxpress/magazines/Plutonium/issues/06_0000-01-01
⚠️  Platzhalter-Datum (0000-01-01): data_test/zxpress/magazines/Plutonium/issues/17_0000-01-01
⚠️  Platzhalter-Datum (0000-01-01): data_test/zxpress/magazines/Chudo/issues/02_0000-01-01
⚠️  Platzhalter-Datum (0000-01-01): data_test/zxpress/magazines/ZX_Paper/issues/01_0000-01-01
⚠️  Platzhalter-Datum (0000-01-01): data_test/zxpress/magazines/Warez/issues/02_0000-01-01
⚠️  Platzhalter-Datum (0000-01-01): data_test/zxpress/magazines/Warez/issues/01_0000-01-01
⚠️  Platzhalter-Datum (0000-01-01): data_test/zxpress/magazines/Warez/issues/03_0000-01-01
⚠️  Platzhalter-Datum (0000-01-01): data_test/zxpress/magazines/Punk/issues/02_0000-01-01
⚠️  Platzhalter-Datum (0000-01-01): data_test/zxpress/magazines/Muchomor/issues/01_0000-01-01
⚠️  Platzhalter-Datum (0000-01-01): data_test/zxpress/magazines/Best_of/issues/02_0000-01-01
⚠️  Platzhalter-Datum (0000-01-01): data_test/zxpress/magazines/Best_of/issues/01_0000-01-01
⚠️  Platzhalter-Datum (0000-01-01): data_test/zxpress/magazines/Best_of/issues/03_0000-01-01
⚠️  Platzhalter-Datum (0000-01-01): data_test/zxpress/magazines/Fantik/issues/05_0000-01-01
⚠️  Platzhalter-Datum (0000-01-01): data_test/zxpress/magazines/Fantik/issues/07_0000-01-01
⚠️  Platzhalter-Datum (0000-01-01): data_test/zxpress/magazines/Fantik/issues/02_0000-01-01
⚠️  Platzhalter-Datum (0000-01-01): data_test/zxpress/magazines/Fantik/issues/01_0000-01-01
⚠️  Platzhalter-Datum (0000-01-01): data_test/zxpress/magazines/Fantik/issues/04_0000-01-01
⚠️  Platzhalter-Datum (0000-01-01): data_test/zxpress/magazines/Fantik/issues/03_0000-01-01
⚠️  Platzhalter-Datum (0000-01-01): data_test/zxpress/magazines/Fantik/issues/06_0000-01-01
⚠️  Platzhalter-Datum (0000-01-01): data_test/zxpress/magazines/All_Paper/issues/01_0000-01-01
⚠️  Platzhalter-Datum (0000-01-01): data_test/zxpress/magazines/Rumorz/issues/01_0000-01-01
⚠️  Platzhalter-Datum (0000-01-01): data_test/zxpress/magazines/GMS_News/issues/02_0000-01-01
⚠️  Platzhalter-Datum (0000-01-01): data_test/zxpress/magazines/GMS_News/issues/01_0000-01-01
⚠️  Platzhalter-Datum (0000-01-01): data_test/zxpress/magazines/GMS_News/issues/03_0000-01-01
⚠️  Platzhalter-Datum (0000-01-01): data_test/zxpress/magazines/Scroller/issues/02_0000-01-01
⚠️  Platzhalter-Datum (0000-01-01): data_test/zxpress/magazines/Gorodok/issues/11_0000-01-01
⚠️  Platzhalter-Datum (0000-01-01): data_test/zxpress/magazines/Gorodok/issues/13_0000-01-01
⚠️  Platzhalter-Datum (0000-01-01): data_test/zxpress/magazines/Gorodok/issues/15_0000-01-01
⚠️  Platzhalter-Datum (0000-01-01): data_test/zxpress/magazines/Gorodok/issues/12_0000-01-01
⚠️  Platzhalter-Datum (0000-01-01): data_test/zxpress/magazines/Psychoz/issues/05_0000-01-01
⚠️  Platzhalter-Datum (0000-01-01): data_test/zxpress/magazines/Psychoz/issues/08_0000-01-01
⚠️  Platzhalter-Datum (0000-01-01): data_test/zxpress/magazines/Psychoz/issues/11_0000-01-01
⚠️  Platzhalter-Datum (0000-01-01): data_test/zxpress/magazines/Psychoz/issues/07_0000-01-01
⚠️  Platzhalter-Datum (0000-01-01): data_test/zxpress/magazines/Psychoz/issues/16_0000-01-01
⚠️  Platzhalter-Datum (0000-01-01): data_test/zxpress/magazines/Psychoz/issues/10_0000-01-01
⚠️  Platzhalter-Datum (0000-01-01): data_test/zxpress/magazines/Psychoz/issues/18_0000-01-01
⚠️  Platzhalter-Datum (0000-01-01): data_test/zxpress/magazines/Psychoz/issues/09_0000-01-01
⚠️  Platzhalter-Datum (0000-01-01): data_test/zxpress/magazines/Psychoz/issues/12_0000-01-01
⚠️  Platzhalter-Datum (0000-01-01): data_test/zxpress/magazines/Psychoz/issues/06_0000-01-01
⚠️  Platzhalter-Datum (0000-01-01): data_test/zxpress/magazines/Psychoz/issues/17_0000-01-01
⚠️  Platzhalter-Datum (0000-01-01): data_test/zxpress/magazines/ZX_Live/issues/02_0000-01-01
⚠️  Platzhalter-Datum (0000-01-01): data_test/zxpress/magazines/Teleshow/issues/05_0000-01-01
⚠️  Platzhalter-Datum (0000-01-01): data_test/zxpress/magazines/Teleshow/issues/02_0000-01-01
⚠️  Platzhalter-Datum (0000-01-01): data_test/zxpress/magazines/Teleshow/issues/01_0000-01-01
⚠️  Platzhalter-Datum (0000-01-01): data_test/zxpress/magazines/Teleshow/issues/04_0000-01-01
⚠️  Platzhalter-Datum (0000-01-01): data_test/zxpress/magazines/Teleshow/issues/03_0000-01-01
⚠️  Platzhalter-Datum (0000-01-01): data_test/zxpress/magazines/Sinc_Re-Stared/issues/02_0000-01-01
⚠️  Platzhalter-Datum (0000-01-01): data_test/zxpress/magazines/Sinc_Re-Stared/issues/01_0000-01-01
